#
# There is insufficient memory for the Java Runtime Environment to continue.
# Native memory allocation (mmap) failed to map 2064384 bytes for Failed to commit area from 0x0000026310f60000 to 0x0000026311158000 of length 2064384.
# Possible reasons:
#   The system is out of physical RAM or swap space
#   The process is running with CompressedOops enabled, and the Java Heap may be blocking the growth of the native heap
# Possible solutions:
#   Reduce memory load on the system
#   Increase physical memory or swap space
#   Check if swap backing store is full
#   Decrease Java heap size (-Xmx/-Xms)
#   Decrease number of Java threads
#   Decrease Java thread stack sizes (-Xss)
#   Set larger code cache with -XX:ReservedCodeCacheSize=
#   JVM is running with Unscaled Compressed Oops mode in which the Java heap is
#     placed in the first 4GB address space. The Java Heap base address is the
#     maximum limit for the native heap growth. Please use -XX:HeapBaseMinAddress
#     to set the Java Heap base and to place the Java Heap above 4GB virtual address.
# This output file may be truncated or incomplete.
#
#  Out of Memory Error (./open/src/hotspot/os/windows/os_windows.cpp:3315), pid=25864, tid=24892
#
# JRE version:  (14.0.2+12) (build )
# Java VM: Java HotSpot(TM) 64-Bit Server VM (14.0.2+12-46, mixed mode, sharing, tiered, compressed oops, g1 gc, windows-amd64)
# No core dump will be written. Minidumps are not enabled by default on client versions of Windows
#

---------------  S U M M A R Y ------------

Command Line: -javaagent:C:\Program Files\JetBrains\IntelliJ IDEA Community Edition 2020.2\lib\idea_rt.jar=55325:C:\Program Files\JetBrains\IntelliJ IDEA Community Edition 2020.2\bin -Dfile.encoding=UTF-8 Main

Host: Intel(R) Core(TM) i5-8250U CPU @ 1.60GHz, 8 cores, 7G,  Windows 10 , 64 bit Build 19041 (10.0.19041.546)
Time: Wed Dec 16 12:26:48 2020 Eastern Standard Time elapsed time: 0 seconds (0d 0h 0m 0s)

---------------  T H R E A D  ---------------

Current thread (0x00000263759b9800):  JavaThread "Unknown thread" [_thread_in_vm, id=24892, stack(0x0000009b74500000,0x0000009b74600000)]

Stack: [0x0000009b74500000,0x0000009b74600000]
Native frames: (J=compiled Java code, j=interpreted, Vv=VM code, C=native code)
V  [jvm.dll+0x5f8a9a]
V  [jvm.dll+0x74247a]
V  [jvm.dll+0x743c2f]
V  [jvm.dll+0x744273]
V  [jvm.dll+0x20d288]
V  [jvm.dll+0x5f5dea]
V  [jvm.dll+0x5eac45]
V  [jvm.dll+0x2c7e9c]
V  [jvm.dll+0x2c7cd2]
V  [jvm.dll+0x2cdbbc]
V  [jvm.dll+0x314011]
V  [jvm.dll+0x313710]
V  [jvm.dll+0x2a092a]
V  [jvm.dll+0x2a1a79]
V  [jvm.dll+0x71fd48]
V  [jvm.dll+0x321c14]
V  [jvm.dll+0x70112c]
V  [jvm.dll+0x392def]
V  [jvm.dll+0x394e61]
C  [jli.dll+0x524b]
C  [ucrtbase.dll+0x214c2]
C  [KERNEL32.DLL+0x17034]
C  [ntdll.dll+0x4cec1]


---------------  P R O C E S S  ---------------

Threads class SMR info:
_java_thread_list=0x00007ffff8683038, length=0, elements={
}

Java Threads: ( => current thread )

Other Threads:
  0x00000263759fe000 GCTaskThread "GC Thread#0" [stack: 0x0000009b74600000,0x0000009b74700000] [id=8756]
  0x0000026375a0f000 ConcurrentGCThread "G1 Main Marker" [stack: 0x0000009b74700000,0x0000009b74800000] [id=25292]
  0x0000026375a11000 ConcurrentGCThread "G1 Conc#0" [stack: 0x0000009b74800000,0x0000009b74900000] [id=20872]

[error occurred during error reporting (printing all threads), id 0xc0000005, EXCEPTION_ACCESS_VIOLATION (0xc0000005) at pc=0x00007ffff7eb1257]

VM state:not at safepoint (not fully initialized)

VM Mutex/Monitor currently owned by a thread:  ([mutex/lock_event])
[0x00000263759b46d0] Heap_lock - owner thread: 0x00000263759b9800

Heap address: 0x0000000082800000, size: 2008 MB, Compressed Oops mode: 32-bit
Narrow klass base: 0x0000000000000000, Narrow klass shift: 0

GC Heap History (0 events):
No events

Deoptimization events (0 events):
No events

Classes unloaded (0 events):
No events

Classes redefined (0 events):
No events

Internal exceptions (0 events):
No events

Events (2 events):
Event: 0.018 Loaded shared library C:\Program Files\Java\jdk-14.0.2\bin\java.dll
Event: 0.019 Loaded shared library C:\Program Files\Java\jdk-14.0.2\bin\zip.dll


Dynamic libraries:
0x00007ff762f40000 - 0x00007ff762f4f000 	C:\Program Files\Java\jdk-14.0.2\bin\java.exe
0x00007ff83efd0000 - 0x00007ff83f1c6000 	C:\WINDOWS\SYSTEM32\ntdll.dll
0x00007ff83d6f0000 - 0x00007ff83d7ad000 	C:\WINDOWS\System32\KERNEL32.DLL
0x00007ff83ca20000 - 0x00007ff83cce8000 	C:\WINDOWS\System32\KERNELBASE.dll
0x00007ff83cd40000 - 0x00007ff83ce40000 	C:\WINDOWS\System32\ucrtbase.dll
0x00007ff833b60000 - 0x00007ff833b78000 	C:\Program Files\Java\jdk-14.0.2\bin\jli.dll
0x00007ff833b80000 - 0x00007ff833b95000 	C:\Program Files\Java\jdk-14.0.2\bin\VCRUNTIME140.dll
0x00007ff83ec80000 - 0x00007ff83ed2c000 	C:\WINDOWS\System32\ADVAPI32.dll
0x00007ff83e530000 - 0x00007ff83e5ce000 	C:\WINDOWS\System32\msvcrt.dll
0x00007ff83d030000 - 0x00007ff83d0cb000 	C:\WINDOWS\System32\sechost.dll
0x00007ff83e640000 - 0x00007ff83e764000 	C:\WINDOWS\System32\RPCRT4.dll
0x00007ff83e390000 - 0x00007ff83e530000 	C:\WINDOWS\System32\USER32.dll
0x00007ff83d000000 - 0x00007ff83d022000 	C:\WINDOWS\System32\win32u.dll
0x00007ff820a10000 - 0x00007ff820cab000 	C:\WINDOWS\WinSxS\amd64_microsoft.windows.common-controls_6595b64144ccf1df_6.0.19041.488_none_ca04af081b815d21\COMCTL32.dll
0x00007ff83d160000 - 0x00007ff83d18a000 	C:\WINDOWS\System32\GDI32.dll
0x00007ff83c910000 - 0x00007ff83ca19000 	C:\WINDOWS\System32\gdi32full.dll
0x00007ff83c870000 - 0x00007ff83c90d000 	C:\WINDOWS\System32\msvcp_win.dll
0x00007ff82fb00000 - 0x00007ff82fb0a000 	C:\WINDOWS\SYSTEM32\VERSION.dll
0x00007ff83eba0000 - 0x00007ff83ebd0000 	C:\WINDOWS\System32\IMM32.DLL
0x00007ff8315a0000 - 0x00007ff83163b000 	C:\Program Files\Java\jdk-14.0.2\bin\msvcp140.dll
0x00007ffff7c00000 - 0x00007ffff871e000 	C:\Program Files\Java\jdk-14.0.2\bin\server\jvm.dll
0x00007ff83d150000 - 0x00007ff83d158000 	C:\WINDOWS\System32\PSAPI.DLL
0x00007ff81b8a0000 - 0x00007ff81b8a9000 	C:\WINDOWS\SYSTEM32\WSOCK32.dll
0x00007ff81c0a0000 - 0x00007ff81c0c7000 	C:\WINDOWS\SYSTEM32\WINMM.dll
0x00007ff83e5d0000 - 0x00007ff83e63b000 	C:\WINDOWS\System32\WS2_32.dll
0x00007ff83b040000 - 0x00007ff83b052000 	C:\WINDOWS\SYSTEM32\kernel.appcore.dll
0x00007ff832b20000 - 0x00007ff832b2a000 	C:\Program Files\Java\jdk-14.0.2\bin\jimage.dll
0x00007ff83ad00000 - 0x00007ff83aee4000 	C:\WINDOWS\SYSTEM32\DBGHELP.DLL
0x00007ff81aba0000 - 0x00007ff81abcc000 	C:\WINDOWS\SYSTEM32\dbgcore.DLL
0x00007ff83c7f0000 - 0x00007ff83c86f000 	C:\WINDOWS\System32\bcryptPrimitives.dll
0x00007ff832af0000 - 0x00007ff832afe000 	C:\Program Files\Java\jdk-14.0.2\bin\instrument.dll
0x00007ff832a90000 - 0x00007ff832ab5000 	C:\Program Files\Java\jdk-14.0.2\bin\java.dll
0x00007ff832470000 - 0x00007ff832486000 	C:\Program Files\Java\jdk-14.0.2\bin\zip.dll

dbghelp: loaded successfully - version: 4.0.5 - missing functions: none
symbol engine: initialized successfully - sym options: 0x614 - pdb path: .;C:\Program Files\Java\jdk-14.0.2\bin;C:\WINDOWS\SYSTEM32;C:\WINDOWS\WinSxS\amd64_microsoft.windows.common-controls_6595b64144ccf1df_6.0.19041.488_none_ca04af081b815d21;C:\Program Files\Java\jdk-14.0.2\bin\server

VM Arguments:
jvm_args: -javaagent:C:\Program Files\JetBrains\IntelliJ IDEA Community Edition 2020.2\lib\idea_rt.jar=55325:C:\Program Files\JetBrains\IntelliJ IDEA Community Edition 2020.2\bin -Dfile.encoding=UTF-8 
java_command: Main
java_class_path (initial): C:\Users\nesto\OneDrive\Documents\Student stuff\COMP\Java\mysqltest\out\production\mysqltest;C:\Users\nesto\OneDrive\Documents\Student stuff\COMP\Java\mysql-connector-java-8.0.22\mysql-connector-java-8.0.22.jar
Launcher Type: SUN_STANDARD

[Global flags]
     intx CICompilerCount                          = 4                                         {product} {ergonomic}
     uint ConcGCThreads                            = 2                                         {product} {ergonomic}
     uint G1ConcRefinementThreads                  = 8                                         {product} {ergonomic}
   size_t G1HeapRegionSize                         = 1048576                                   {product} {ergonomic}
    uintx GCDrainStackTargetSize                   = 64                                        {product} {ergonomic}
   size_t InitialHeapSize                          = 132120576                                 {product} {ergonomic}
   size_t MarkStackSize                            = 4194304                                   {product} {ergonomic}
   size_t MaxHeapSize                              = 2105540608                                {product} {ergonomic}
   size_t MinHeapDeltaBytes                        = 1048576                                   {product} {ergonomic}
   size_t MinHeapSize                              = 8388608                                   {product} {ergonomic}
    uintx NonNMethodCodeHeapSize                   = 5839372                                {pd product} {ergonomic}
    uintx NonProfiledCodeHeapSize                  = 122909434                              {pd product} {ergonomic}
    uintx ProfiledCodeHeapSize                     = 122909434                              {pd product} {ergonomic}
    uintx ReservedCodeCacheSize                    = 251658240                              {pd product} {ergonomic}
     bool SegmentedCodeCache                       = true                                      {product} {ergonomic}
   size_t SoftMaxHeapSize                          = 2105540608                             {manageable} {ergonomic}
     bool UseCompressedClassPointers               = true                                 {lp64_product} {ergonomic}
     bool UseCompressedOops                        = true                                 {lp64_product} {ergonomic}
     bool UseG1GC                                  = true                                      {product} {ergonomic}
     bool UseLargePagesIndividualAllocation        = false                                  {pd product} {ergonomic}

Logging:
Log output configuration:
 #0: stdout all=warning uptime,level,tags
 #1: stderr all=off uptime,level,tags

Environment Variables:
JAVA_HOME=C:\Program Files\Java\jdk-14.0.2
PATH=C:\Program Files (x86)\Common Files\Oracle\Java\javapath;C:\Program Files (x86)\Intel\Intel(R) Management Engine Components\iCLS\;C:\Program Files\Intel\Intel(R) Management Engine Components\iCLS\;C:\WINDOWS\system32;C:\WINDOWS;C:\WINDOWS\System32\Wbem;C:\WINDOWS\System32\WindowsPowerShell\v1.0\;C:\WINDOWS\System32\OpenSSH\;C:\Program Files (x86)\Intel\Intel(R) Management Engine Components\DAL;C:\Program Files\Intel\Intel(R) Management Engine Components\DAL;C:\Program Files (x86)\Intel\Intel(R) Management Engine Components\IPT;C:\Program Files\Intel\Intel(R) Management Engine Components\IPT;C:\Program Files\Intel\WiFi\bin\;C:\Program Files\Common Files\Intel\WirelessCommon\;C:\Program Files\Java\jdk-14.0.2\bin;C:\Program Files\Git\cmd;C:\Program Files\MySQL\MySQL Shell 8.0\bin\;C:\Program Files\Java\jdk-14.0.2\bin;C:\Users\nesto\AppData\Local\Microsoft\WindowsApps;;C:\Users\nesto\AppData\Local\Programs\Microsoft VS Code\bin
USERNAME=nesto
OS=Windows_NT
PROCESSOR_IDENTIFIER=Intel64 Family 6 Model 142 Stepping 10, GenuineIntel



---------------  S Y S T E M  ---------------

OS: Windows 10 , 64 bit Build 19041 (10.0.19041.546)
OS uptime: 28 days 23:12 hours

CPU:total 8 (initial active 8) (4 cores per cpu, 2 threads per core) family 6 model 142 stepping 10, cmov, cx8, fxsr, mmx, sse, sse2, sse3, ssse3, sse4.1, sse4.2, popcnt, avx, avx2, aes, clmul, erms, 3dnowpref, lzcnt, ht, tsc, tscinvbit, bmi1, bmi2, adx, fma

Memory: 4k page, system-wide physical 8026M (2183M free)
TotalPageFile size 9050M (AvailPageFile size 4M)
current process WorkingSet (physical memory assigned to process): 10M, peak: 10M
current process commit charge ("private bytes"): 188M, peak: 190M

vm_info: Java HotSpot(TM) 64-Bit Server VM (14.0.2+12-46) for windows-amd64 JRE (14.0.2+12-46), built on Jul  9 2020 00:35:52 by "mach5one" with MS VC++ 15.9 (VS2017)

END.
